Start testing: Jun 05 23:02 Paris, Madrid (heure d’été)
----------------------------------------------------------
1/1 Testing: runTests
1/1 Test: runTests
Command: "C:/Users/eugen/Documents/MesDocuments/git/Open_Image_Editor/build/runTests.exe"
Directory: C:/Users/eugen/Documents/MesDocuments/git/Open_Image_Editor/build
"runTests" start time: Jun 05 23:02 Paris, Madrid (heure d’été)
Output:
----------------------------------------------------------
[==========] Running 50 tests from 9 test suites.
[----------] Global test environment set-up.
[----------] 7 tests from VerificationTest
[ RUN      ] VerificationTest.IsImage
[       OK ] VerificationTest.IsImage (0 ms)
[ RUN      ] VerificationTest.IsTurnable
[       OK ] VerificationTest.IsTurnable (0 ms)
[ RUN      ] VerificationTest.IsMirrorable
[       OK ] VerificationTest.IsMirrorable (0 ms)
[ RUN      ] VerificationTest.isExif
[       OK ] VerificationTest.isExif (0 ms)
[ RUN      ] VerificationTest.isReal
[       OK ] VerificationTest.isReal (0 ms)
[ RUN      ] VerificationTest.IsHeicOrHeif
[       OK ] VerificationTest.IsHeicOrHeif (0 ms)
[ RUN      ] VerificationTest.IsRaw
[       OK ] VerificationTest.IsRaw (0 ms)
[----------] 7 tests from VerificationTest (0 ms total)

[----------] 5 tests from ThreadManagerTest
[ RUN      ] ThreadManagerTest.AddThread
All threads stopped
[       OK ] ThreadManagerTest.AddThread (4 ms)
[ RUN      ] ThreadManagerTest.AddThreadToQueue
All threads stopped
[       OK ] ThreadManagerTest.AddThreadToQueue (113 ms)
[ RUN      ] ThreadManagerTest.AddHeavyThread
All threads stopped
[       OK ] ThreadManagerTest.AddHeavyThread (1 ms)
[ RUN      ] ThreadManagerTest.AddThreadToFront
All threads stopped
[       OK ] ThreadManagerTest.AddThreadToFront (112 ms)
[ RUN      ] ThreadManagerTest.RemoveAllThreads
Job added to queue. Queue size:  1
Job added to queue. Queue size:  2
Job added to queue. Queue size:  3
Job added to queue. Queue size:  4
Job added to queue. Queue size:  5
Job added to queue. Queue size:  6
Job added to queue. Queue size:  7
Job added to queue. Queue size:  8
Job added to queue. Queue size:  9
Job added to queue. Queue size:  10
Job added to queue. Queue size:  11
Job added to queue. Queue size:  12
Job added to queue. Queue size:  13
Job added to queue. Queue size:  14
Job added to queue. Queue size:  15
Job added to queue. Queue size:  16
Job added to queue. Queue size:  17
Job added to queue. Queue size:  18
Job added to queue. Queue size:  19
Job added to queue. Queue size:  20
Job added to queue. Queue size:  21
Job added to queue. Queue size:  22
Job added to queue. Queue size:  23
Job added to queue. Queue size:  24
Job added to queue. Queue size:  25
Job added to queue. Queue size:  26
Job added to queue. Queue size:  27
Job added to queue. Queue size:  28
Job added to queue. Queue size:  29
Job added to queue. Queue size:  30
Job added to queue. Queue size:  31
Job added to queue. Queue size:  32
Job added to queue. Queue size:  33
Job added to queue. Queue size:  34
Job added to queue. Queue size:  35
Job added to queue. Queue size:  36
Job added to queue. Queue size:  37
Job added to queue. Queue size:  38
Job added to queue. Queue size:  39
Job added to queue. Queue size:  40
Job added to queue. Queue size:  41
Job added to queue. Queue size:  42
Job added to queue. Queue size:  43
Job added to queue. Queue size:  44
Job added to queue. Queue size:  45
Job added to queue. Queue size:  46
Job added to queue. Queue size:  47
Job added to queue. Queue size:  48
Job added to queue. Queue size:  49
Job added to queue. Queue size:  50
Job added to queue. Queue size:  51
Job added to queue. Queue size:  52
Job added to queue. Queue size:  53
Job added to queue. Queue size:  54
Job added to queue. Queue size:  55
Job added to queue. Queue size:  56
Job added to queue. Queue size:  57
Job added to queue. Queue size:  58
Job added to queue. Queue size:  59
Job added to queue. Queue size:  60
Job added to queue. Queue size:  61
Job added to queue. Queue size:  62
Job added to queue. Queue size:  63
Job added to queue. Queue size:  64
Job added to queue. Queue size:  65
Job added to queue. Queue size:  66
Job added to queue. Queue size:  67
Job added to queue. Queue size:  68
Job added to queue. Queue size:  69
Job added to queue. Queue size:  70
Job added to queue. Queue size:  71
Job added to queue. Queue size:  72
Job added to queue. Queue size:  73
Job added to queue. Queue size:  74
Job added to queue. Queue size:  75
Job added to queue. Queue size:  76
Job added to queue. Queue size:  77
Job added to queue. Queue size:  78
Job added to queue. Queue size:  79
Job added to queue. Queue size:  80
Job added to queue. Queue size:  81
Job added to queue. Queue size:  82
Job added to queue. Queue size:  83
Job added to queue. Queue size:  84
Job added to queue. Queue size:  85
Job added to queue. Queue size:  86
Job added to queue. Queue size:  87
Job added to queue. Queue size:  88
All threads stopped
All threads stopped
[       OK ] ThreadManagerTest.RemoveAllThreads (16 ms)
[----------] 5 tests from ThreadManagerTest (249 ms total)

[----------] 8 tests from MetaDataTest
[ RUN      ] MetaDataTest.AssignmentOperator
[       OK ] MetaDataTest.AssignmentOperator (0 ms)
[ RUN      ] MetaDataTest.EqualityOperator
[       OK ] MetaDataTest.EqualityOperator (0 ms)
[ RUN      ] MetaDataTest.GetImageOrientation
[       OK ] MetaDataTest.GetImageOrientation (0 ms)
[ RUN      ] MetaDataTest.GetTimestamp
[       OK ] MetaDataTest.GetTimestamp (6 ms)
[ RUN      ] MetaDataTest.ModifyExifValue
[       OK ] MetaDataTest.ModifyExifValue (0 ms)
[ RUN      ] MetaDataTest.ModifyXmpValue
Creating the key :  "Xmp.dc.title"
[       OK ] MetaDataTest.ModifyXmpValue (0 ms)
[ RUN      ] MetaDataTest.ModifyIptcValue
[       OK ] MetaDataTest.ModifyIptcValue (0 ms)
[ RUN      ] MetaDataTest.Clear
[       OK ] MetaDataTest.Clear (0 ms)
[----------] 8 tests from MetaDataTest (7 ms total)

[----------] 1 test from LoadImageTest
[ RUN      ] LoadImageTest.startLoadingImagesFromFolder
[       OK ] LoadImageTest.startLoadingImagesFromFolder (0 ms)
[----------] 1 test from LoadImageTest (0 ms total)

[----------] 12 tests from ImageDataTest
[ RUN      ] ImageDataTest.AssignmentOperator
[       OK ] ImageDataTest.AssignmentOperator (0 ms)
[ RUN      ] ImageDataTest.AddFolder
[       OK ] ImageDataTest.AddFolder (0 ms)
[ RUN      ] ImageDataTest.AddFolders
[       OK ] ImageDataTest.AddFolders (0 ms)
[ RUN      ] ImageDataTest.GetImageName
[       OK ] ImageDataTest.GetImageName (0 ms)
[ RUN      ] ImageDataTest.EqualityOperator
[       OK ] ImageDataTest.EqualityOperator (0 ms)
[ RUN      ] ImageDataTest.TurnImage
[       OK ] ImageDataTest.TurnImage (0 ms)
[ RUN      ] ImageDataTest.SaveLoad
[       OK ] ImageDataTest.SaveLoad (2 ms)
[ RUN      ] ImageDataTest.CropSizes
[       OK ] ImageDataTest.CropSizes (0 ms)
[ RUN      ] ImageDataTest.DetectionStatus
[       OK ] ImageDataTest.DetectionStatus (0 ms)
[ RUN      ] ImageDataTest.MetaData
[       OK ] ImageDataTest.MetaData (0 ms)
[ RUN      ] ImageDataTest.Date
[       OK ] ImageDataTest.Date (0 ms)
[ RUN      ] ImageDataTest.Orientation
[       OK ] ImageDataTest.Orientation (0 ms)
[----------] 12 tests from ImageDataTest (2 ms total)

[----------] 7 tests from FoldersTest
[ RUN      ] FoldersTest.AddFolder
[       OK ] FoldersTest.AddFolder (0 ms)
[ RUN      ] FoldersTest.modifyParent
[       OK ] FoldersTest.modifyParent (0 ms)
[ RUN      ] FoldersTest.modifyFolderPtr
[       OK ] FoldersTest.modifyFolderPtr (0 ms)
[ RUN      ] FoldersTest.AddFile
[       OK ] FoldersTest.AddFile (0 ms)
[ RUN      ] FoldersTest.SaveAndLoad
[       OK ] FoldersTest.SaveAndLoad (11 ms)
[ RUN      ] FoldersTest.GetIfExist
[       OK ] FoldersTest.GetIfExist (0 ms)
[ RUN      ] FoldersTest.containMedia
[       OK ] FoldersTest.containMedia (1 ms)
[----------] 7 tests from FoldersTest (12 ms total)

[----------] 2 tests from ConversionTest
[ RUN      ] ConversionTest.readHeicAndHeif
readHeicAndHeif executed in 15 ms
readHeicAndHeif executed in 13 ms
[       OK ] ConversionTest.readHeicAndHeif (28 ms)
[ RUN      ] ConversionTest.convertion
[       OK ] ConversionTest.convertion (0 ms)
[----------] 2 tests from ConversionTest (28 ms total)

[----------] 6 tests from BoxTest
[ RUN      ] BoxTest.TestShowModalDialog
[       OK ] BoxTest.TestShowModalDialog (549 ms)
[ RUN      ] BoxTest.TestShowInformationMessage
[       OK ] BoxTest.TestShowInformationMessage (84 ms)
[ RUN      ] BoxTest.TestShowWarningMessage
[       OK ] BoxTest.TestShowWarningMessage (533 ms)
[ RUN      ] BoxTest.TestShowErrorMessage
[       OK ] BoxTest.TestShowErrorMessage (92 ms)
[ RUN      ] BoxTest.TestShowQuestionMessage
[       OK ] BoxTest.TestShowQuestionMessage (95 ms)
[ RUN      ] BoxTest.TestShowOptionsDialog
[       OK ] BoxTest.TestShowOptionsDialog (543 ms)
[----------] 6 tests from BoxTest (1898 ms total)

[----------] 2 tests from GPS_ConversionTest
[ RUN      ] GPS_ConversionTest.RoundTripConversion
[       OK ] GPS_ConversionTest.RoundTripConversion (0 ms)
[ RUN      ] GPS_ConversionTest.ReverseRoundTripConversion
[       OK ] GPS_ConversionTest.ReverseRoundTripConversion (0 ms)
[----------] 2 tests from GPS_ConversionTest (0 ms total)

[----------] Global test environment tear-down
[==========] 50 tests from 9 test suites ran. (2199 ms total)
[  PASSED  ] 50 tests.

IMPORTANT NOTICE - DO NOT IGNORE:
This test program did NOT call testing::InitGoogleTest() before calling RUN_ALL_TESTS(). This is INVALID. Soon Google Test will start to enforce the valid usage. Please fix it ASAP, or IT WILL START TO FAIL.
<end of output>
Test time =   2.72 sec
----------------------------------------------------------
Test Passed.
"runTests" end time: Jun 05 23:02 Paris, Madrid (heure d’été)
"runTests" time elapsed: 00:00:02
----------------------------------------------------------

End testing: Jun 05 23:02 Paris, Madrid (heure d’été)
